<?xml version="1.0" encoding="UTF-8"?>
<!-- Generated by org.testng.reporters.JUnitReportReporter -->
<testsuite skipped="0" hostname="DESKTOP-BF297NV" name="com.recruitio.Profile_Login" tests="2" failures="0" timestamp="13 Oct 2020 13:42:22 GMT" time="16.797" errors="0">
  <testcase name="profile" time="7.264" classname="com.recruitio.Profile_Login"/>
  <testcase name="Login" time="9.533" classname="com.recruitio.Profile_Login"/>
</testsuite> <!-- com.recruitio.Profile_Login -->
